mode: set
openapi/cmd/main/main.go:14.13,25.16 7 1
openapi/cmd/main/main.go:25.16,27.3 1 0
openapi/cmd/main/main.go:28.2,30.58 2 1
openapi/cmd/main/main.go:30.58,32.3 1 0
openapi/cmd/main/main.go:34.2,34.34 1 1
openapi/internal/app/stock/location/create.go:18.59,21.16 2 0
openapi/internal/app/stock/location/create.go:21.16,23.3 1 0
openapi/internal/app/stock/location/create.go:26.2,28.8 1 0
openapi/internal/app/stock/location/create.go:31.75,35.2 1 0
openapi/internal/app/stock/location/create.go:37.97,39.16 2 0
openapi/internal/app/stock/location/create.go:39.16,41.3 1 0
openapi/internal/app/stock/location/create.go:43.2,45.34 2 0
openapi/internal/app/stock/location/create.go:45.34,47.3 1 0
openapi/internal/app/stock/location/create.go:49.2,50.17 2 0
openapi/internal/app/stock/location/delete.go:13.60,16.16 2 0
openapi/internal/app/stock/location/delete.go:16.16,18.3 1 0
openapi/internal/app/stock/location/delete.go:21.2,23.8 1 0
openapi/internal/app/stock/location/delete.go:26.62,28.16 2 0
openapi/internal/app/stock/location/delete.go:28.16,30.3 1 0
openapi/internal/app/stock/location/delete.go:32.2,35.16 3 0
openapi/internal/app/stock/location/delete.go:35.16,37.3 1 0
openapi/internal/app/stock/location/delete.go:39.2,39.12 1 0
openapi/internal/app/stock/location/update.go:14.73,17.16 2 0
openapi/internal/app/stock/location/update.go:17.16,19.3 1 0
openapi/internal/app/stock/location/update.go:21.2,22.16 2 0
openapi/internal/app/stock/location/update.go:22.16,24.3 1 0
openapi/internal/app/stock/location/update.go:27.2,30.8 1 0
openapi/internal/app/stock/location/update.go:33.62,36.16 3 0
openapi/internal/app/stock/location/update.go:36.16,38.3 1 0
openapi/internal/app/stock/location/update.go:40.2,43.16 3 0
openapi/internal/app/stock/location/update.go:43.16,45.3 1 0
openapi/internal/app/stock/location/update.go:47.2,47.12 1 0
openapi/internal/domain/stock/location/aggregate.go:11.48,17.2 1 0
openapi/internal/domain/stock/location/aggregate.go:19.66,25.2 1 0
openapi/internal/domain/stock/location/aggregate.go:27.37,29.2 1 0
openapi/internal/domain/stock/location/aggregate.go:31.30,33.2 1 0
openapi/internal/domain/stock/location/entity.go:18.37,19.19 1 0
openapi/internal/domain/stock/location/entity.go:19.19,21.3 1 0
openapi/internal/domain/stock/location/entity.go:22.2,22.19 1 0
openapi/internal/domain/stock/location/entity.go:25.30,27.2 1 0
openapi/internal/domain/stock/location/entity.go:29.29,31.2 1 0
openapi/internal/domain/stock/location/value.go:17.38,18.13 1 0
openapi/internal/domain/stock/location/value.go:18.13,20.3 1 0
openapi/internal/domain/stock/location/value.go:21.2,21.21 1 0
openapi/internal/domain/stock/location/value.go:24.31,26.2 1 0
openapi/internal/infra/database/database.go:10.30,15.16 4 1
openapi/internal/infra/database/database.go:15.16,17.3 1 0
openapi/internal/infra/database/database.go:19.2,19.16 1 1
openapi/internal/infra/env/db.go:5.27,7.20 2 1
openapi/internal/infra/env/db.go:7.20,9.3 1 1
openapi/internal/infra/env/db.go:10.2,10.17 1 1
openapi/internal/infra/env/db.go:13.35,15.17 2 1
openapi/internal/infra/env/db.go:15.17,17.3 1 1
openapi/internal/infra/env/db.go:18.2,18.14 1 1
openapi/internal/infra/env/web.go:5.29,7.22 2 0
openapi/internal/infra/env/web.go:7.22,9.3 1 0
openapi/internal/infra/env/web.go:10.2,10.19 1 0
openapi/internal/infra/oapicodegen/hello/hello.go:37.67,43.2 3 0
openapi/internal/infra/oapicodegen/hello/hello.go:61.62,63.2 1 1
openapi/internal/infra/oapicodegen/hello/hello.go:67.89,75.2 2 1
openapi/internal/infra/oapicodegen/hello/hello.go:89.35,91.16 2 1
openapi/internal/infra/oapicodegen/hello/hello.go:91.16,93.3 1 0
openapi/internal/infra/oapicodegen/hello/hello.go:94.2,95.16 2 1
openapi/internal/infra/oapicodegen/hello/hello.go:95.16,97.3 1 0
openapi/internal/infra/oapicodegen/hello/hello.go:98.2,100.16 3 1
openapi/internal/infra/oapicodegen/hello/hello.go:100.16,102.3 1 0
openapi/internal/infra/oapicodegen/hello/hello.go:104.2,104.25 1 1
openapi/internal/infra/oapicodegen/hello/hello.go:110.48,112.32 2 1
openapi/internal/infra/oapicodegen/hello/hello.go:112.32,114.3 1 0
openapi/internal/infra/oapicodegen/hello/hello.go:118.73,120.25 2 0
openapi/internal/infra/oapicodegen/hello/hello.go:120.25,122.3 1 0
openapi/internal/infra/oapicodegen/hello/hello.go:124.2,124.12 1 0
openapi/internal/infra/oapicodegen/hello/hello.go:132.52,137.87 4 0
openapi/internal/infra/oapicodegen/hello/hello.go:137.87,141.10 4 0
openapi/internal/infra/oapicodegen/hello/hello.go:141.10,144.4 2 0
openapi/internal/infra/oapicodegen/hello/hello.go:145.3,145.19 1 0
openapi/internal/infra/oapicodegen/hello/hello.go:147.2,149.16 3 0
openapi/internal/infra/oapicodegen/hello/hello.go:149.16,151.3 1 0
openapi/internal/infra/oapicodegen/hello/hello.go:152.2,153.16 2 0
openapi/internal/infra/oapicodegen/hello/hello.go:153.16,155.3 1 0
openapi/internal/infra/oapicodegen/hello/hello.go:156.2,156.8 1 0
openapi/internal/infra/oapicodegen/stock/location/location.go:58.76,64.2 3 0
openapi/internal/infra/oapicodegen/stock/location/location.go:67.78,73.16 4 0
openapi/internal/infra/oapicodegen/stock/location/location.go:73.16,75.3 1 0
openapi/internal/infra/oapicodegen/stock/location/location.go:78.2,79.12 2 0
openapi/internal/infra/oapicodegen/stock/location/location.go:83.75,89.16 4 0
openapi/internal/infra/oapicodegen/stock/location/location.go:89.16,91.3 1 0
openapi/internal/infra/oapicodegen/stock/location/location.go:94.2,95.12 2 0
openapi/internal/infra/oapicodegen/stock/location/location.go:114.62,116.2 1 1
openapi/internal/infra/oapicodegen/stock/location/location.go:120.89,130.2 4 1
openapi/internal/infra/repository/sqlboiler/stock/location/repository.go:27.53,28.15 1 1
openapi/internal/infra/repository/sqlboiler/stock/location/repository.go:28.15,30.3 1 0
openapi/internal/infra/repository/sqlboiler/stock/location/repository.go:31.2,32.16 2 1
openapi/internal/infra/repository/sqlboiler/stock/location/repository.go:32.16,34.3 1 0
openapi/internal/infra/repository/sqlboiler/stock/location/repository.go:35.2,37.8 1 1
openapi/internal/infra/repository/sqlboiler/stock/location/repository.go:40.56,55.16 3 0
openapi/internal/infra/repository/sqlboiler/stock/location/repository.go:55.16,57.3 1 0
openapi/internal/infra/repository/sqlboiler/stock/location/repository.go:59.2,59.12 1 0
openapi/internal/infra/repository/sqlboiler/stock/location/repository.go:62.71,64.16 2 0
openapi/internal/infra/repository/sqlboiler/stock/location/repository.go:64.16,66.3 1 0
openapi/internal/infra/repository/sqlboiler/stock/location/repository.go:68.2,68.18 1 0
openapi/internal/infra/repository/sqlboiler/stock/location/repository.go:68.18,70.3 1 0
openapi/internal/infra/repository/sqlboiler/stock/location/repository.go:72.2,73.16 2 0
openapi/internal/infra/repository/sqlboiler/stock/location/repository.go:73.16,75.3 1 0
openapi/internal/infra/repository/sqlboiler/stock/location/repository.go:77.2,79.15 2 0
openapi/internal/infra/repository/sqlboiler/stock/location/repository.go:82.57,84.40 2 0
openapi/internal/infra/repository/sqlboiler/stock/location/repository.go:84.40,86.3 1 0
openapi/internal/infra/repository/sqlboiler/stock/location/repository.go:88.2,88.26 1 0
openapi/internal/infra/repository/sqlboiler/stock/location/repository.go:88.26,90.3 1 0
openapi/internal/infra/repository/sqlboiler/stock/location/repository.go:92.2,92.18 1 0
openapi/internal/infra/repository/sqlboiler/stock/location/repository.go:92.18,94.3 1 0
openapi/internal/infra/repository/sqlboiler/stock/location/repository.go:96.2,96.18 1 0
openapi/internal/infra/sqlboiler/boil_queries.go:27.51,33.2 4 0
openapi/internal/infra/sqlboiler/boil_types.go:34.66,38.30 3 0
openapi/internal/infra/sqlboiler/boil_types.go:38.30,40.3 1 0
openapi/internal/infra/sqlboiler/boil_types.go:42.2,42.26 1 0
openapi/internal/infra/sqlboiler/boil_types.go:42.26,44.3 1 0
openapi/internal/infra/sqlboiler/boil_types.go:45.2,45.32 1 0
openapi/internal/infra/sqlboiler/boil_types.go:45.32,47.3 1 0
openapi/internal/infra/sqlboiler/boil_types.go:49.2,51.12 3 0
openapi/internal/infra/sqlboiler/psql_upsert.go:15.143,24.25 7 0
openapi/internal/infra/sqlboiler/psql_upsert.go:24.25,28.3 1 0
openapi/internal/infra/sqlboiler/psql_upsert.go:30.2,37.43 2 0
openapi/internal/infra/sqlboiler/psql_upsert.go:37.43,39.3 1 0
openapi/internal/infra/sqlboiler/psql_upsert.go:39.8,44.28 4 0
openapi/internal/infra/sqlboiler/psql_upsert.go:44.28,45.14 1 0
openapi/internal/infra/sqlboiler/psql_upsert.go:45.14,47.5 1 0
openapi/internal/infra/sqlboiler/psql_upsert.go:48.4,51.27 4 0
openapi/internal/infra/sqlboiler/psql_upsert.go:55.2,55.19 1 0
openapi/internal/infra/sqlboiler/psql_upsert.go:55.19,58.3 2 0
openapi/internal/infra/sqlboiler/psql_upsert.go:60.2,60.21 1 0
openapi/internal/infra/sqlboiler/stock_item.go:54.54,54.104 1 0
openapi/internal/infra/sqlboiler/stock_item.go:55.54,55.105 1 0
openapi/internal/infra/sqlboiler/stock_item.go:56.54,56.104 1 0
openapi/internal/infra/sqlboiler/stock_item.go:57.54,57.105 1 0
openapi/internal/infra/sqlboiler/stock_item.go:58.54,58.104 1 0
openapi/internal/infra/sqlboiler/stock_item.go:59.54,59.105 1 0
openapi/internal/infra/sqlboiler/stock_item.go:60.59,62.30 2 0
openapi/internal/infra/sqlboiler/stock_item.go:62.30,64.3 1 0
openapi/internal/infra/sqlboiler/stock_item.go:65.2,65.63 1 0
openapi/internal/infra/sqlboiler/stock_item.go:67.60,69.30 2 0
openapi/internal/infra/sqlboiler/stock_item.go:69.30,71.3 1 0
openapi/internal/infra/sqlboiler/stock_item.go:72.2,72.67 1 0
openapi/internal/infra/sqlboiler/stock_item.go:77.59,79.2 1 0
openapi/internal/infra/sqlboiler/stock_item.go:80.60,82.2 1 0
openapi/internal/infra/sqlboiler/stock_item.go:83.59,85.2 1 0
openapi/internal/infra/sqlboiler/stock_item.go:86.60,88.2 1 0
openapi/internal/infra/sqlboiler/stock_item.go:89.59,91.2 1 0
openapi/internal/infra/sqlboiler/stock_item.go:92.60,94.2 1 0
openapi/internal/infra/sqlboiler/stock_item.go:98.50,98.100 1 0
openapi/internal/infra/sqlboiler/stock_item.go:99.50,99.101 1 0
openapi/internal/infra/sqlboiler/stock_item.go:100.50,100.100 1 0
openapi/internal/infra/sqlboiler/stock_item.go:101.50,101.101 1 0
openapi/internal/infra/sqlboiler/stock_item.go:102.50,102.100 1 0
openapi/internal/infra/sqlboiler/stock_item.go:103.50,103.101 1 0
openapi/internal/infra/sqlboiler/stock_item.go:128.44,130.2 1 0
openapi/internal/infra/sqlboiler/stock_item.go:187.101,188.31 1 0
openapi/internal/infra/sqlboiler/stock_item.go:188.31,190.3 1 0
openapi/internal/infra/sqlboiler/stock_item.go:192.2,192.50 1 0
openapi/internal/infra/sqlboiler/stock_item.go:192.50,193.44 1 0
openapi/internal/infra/sqlboiler/stock_item.go:193.44,195.4 1 0
openapi/internal/infra/sqlboiler/stock_item.go:198.2,198.12 1 0
openapi/internal/infra/sqlboiler/stock_item.go:202.101,203.31 1 0
openapi/internal/infra/sqlboiler/stock_item.go:203.31,205.3 1 0
openapi/internal/infra/sqlboiler/stock_item.go:207.2,207.50 1 0
openapi/internal/infra/sqlboiler/stock_item.go:207.50,208.44 1 0
openapi/internal/infra/sqlboiler/stock_item.go:208.44,210.4 1 0
openapi/internal/infra/sqlboiler/stock_item.go:213.2,213.12 1 0
openapi/internal/infra/sqlboiler/stock_item.go:217.101,218.31 1 0
openapi/internal/infra/sqlboiler/stock_item.go:218.31,220.3 1 0
openapi/internal/infra/sqlboiler/stock_item.go:222.2,222.50 1 0
openapi/internal/infra/sqlboiler/stock_item.go:222.50,223.44 1 0
openapi/internal/infra/sqlboiler/stock_item.go:223.44,225.4 1 0
openapi/internal/infra/sqlboiler/stock_item.go:228.2,228.12 1 0
openapi/internal/infra/sqlboiler/stock_item.go:232.101,233.31 1 0
openapi/internal/infra/sqlboiler/stock_item.go:233.31,235.3 1 0
openapi/internal/infra/sqlboiler/stock_item.go:237.2,237.50 1 0
openapi/internal/infra/sqlboiler/stock_item.go:237.50,238.44 1 0
openapi/internal/infra/sqlboiler/stock_item.go:238.44,240.4 1 0
openapi/internal/infra/sqlboiler/stock_item.go:243.2,243.12 1 0
openapi/internal/infra/sqlboiler/stock_item.go:247.100,248.31 1 0
openapi/internal/infra/sqlboiler/stock_item.go:248.31,250.3 1 0
openapi/internal/infra/sqlboiler/stock_item.go:252.2,252.49 1 0
openapi/internal/infra/sqlboiler/stock_item.go:252.49,253.44 1 0
openapi/internal/infra/sqlboiler/stock_item.go:253.44,255.4 1 0
openapi/internal/infra/sqlboiler/stock_item.go:258.2,258.12 1 0
openapi/internal/infra/sqlboiler/stock_item.go:262.100,263.31 1 0
openapi/internal/infra/sqlboiler/stock_item.go:263.31,265.3 1 0
openapi/internal/infra/sqlboiler/stock_item.go:267.2,267.49 1 0
openapi/internal/infra/sqlboiler/stock_item.go:267.49,268.44 1 0
openapi/internal/infra/sqlboiler/stock_item.go:268.44,270.4 1 0
openapi/internal/infra/sqlboiler/stock_item.go:273.2,273.12 1 0
openapi/internal/infra/sqlboiler/stock_item.go:277.100,278.31 1 0
openapi/internal/infra/sqlboiler/stock_item.go:278.31,280.3 1 0
openapi/internal/infra/sqlboiler/stock_item.go:282.2,282.49 1 0
openapi/internal/infra/sqlboiler/stock_item.go:282.49,283.44 1 0
openapi/internal/infra/sqlboiler/stock_item.go:283.44,285.4 1 0
openapi/internal/infra/sqlboiler/stock_item.go:288.2,288.12 1 0
openapi/internal/infra/sqlboiler/stock_item.go:292.100,293.31 1 0
openapi/internal/infra/sqlboiler/stock_item.go:293.31,295.3 1 0
openapi/internal/infra/sqlboiler/stock_item.go:297.2,297.49 1 0
openapi/internal/infra/sqlboiler/stock_item.go:297.49,298.44 1 0
openapi/internal/infra/sqlboiler/stock_item.go:298.44,300.4 1 0
openapi/internal/infra/sqlboiler/stock_item.go:303.2,303.12 1 0
openapi/internal/infra/sqlboiler/stock_item.go:307.100,308.31 1 0
openapi/internal/infra/sqlboiler/stock_item.go:308.31,310.3 1 0
openapi/internal/infra/sqlboiler/stock_item.go:312.2,312.49 1 0
openapi/internal/infra/sqlboiler/stock_item.go:312.49,313.44 1 0
openapi/internal/infra/sqlboiler/stock_item.go:313.44,315.4 1 0
openapi/internal/infra/sqlboiler/stock_item.go:318.2,318.12 1 0
openapi/internal/infra/sqlboiler/stock_item.go:322.78,323.19 1 0
openapi/internal/infra/sqlboiler/stock_item.go:324.29,325.81 1 0
openapi/internal/infra/sqlboiler/stock_item.go:326.29,327.81 1 0
openapi/internal/infra/sqlboiler/stock_item.go:328.29,329.81 1 0
openapi/internal/infra/sqlboiler/stock_item.go:330.29,331.81 1 0
openapi/internal/infra/sqlboiler/stock_item.go:332.28,333.79 1 0
openapi/internal/infra/sqlboiler/stock_item.go:334.28,335.79 1 0
openapi/internal/infra/sqlboiler/stock_item.go:336.28,337.79 1 0
openapi/internal/infra/sqlboiler/stock_item.go:338.28,339.79 1 0
openapi/internal/infra/sqlboiler/stock_item.go:340.28,341.79 1 0
openapi/internal/infra/sqlboiler/stock_item.go:346.97,352.16 4 0
openapi/internal/infra/sqlboiler/stock_item.go:352.16,353.41 1 0
openapi/internal/infra/sqlboiler/stock_item.go:353.41,355.4 1 0
openapi/internal/infra/sqlboiler/stock_item.go:356.3,356.90 1 0
openapi/internal/infra/sqlboiler/stock_item.go:359.2,359.56 1 0
openapi/internal/infra/sqlboiler/stock_item.go:359.56,361.3 1 0
openapi/internal/infra/sqlboiler/stock_item.go:363.2,363.15 1 0
openapi/internal/infra/sqlboiler/stock_item.go:367.101,371.16 3 0
openapi/internal/infra/sqlboiler/stock_item.go:371.16,373.3 1 0
openapi/internal/infra/sqlboiler/stock_item.go:375.2,375.41 1 0
openapi/internal/infra/sqlboiler/stock_item.go:375.41,376.25 1 0
openapi/internal/infra/sqlboiler/stock_item.go:376.25,377.60 1 0
openapi/internal/infra/sqlboiler/stock_item.go:377.60,379.5 1 0
openapi/internal/infra/sqlboiler/stock_item.go:383.2,383.15 1 0
openapi/internal/infra/sqlboiler/stock_item.go:387.94,394.16 5 0
openapi/internal/infra/sqlboiler/stock_item.go:394.16,396.3 1 0
openapi/internal/infra/sqlboiler/stock_item.go:398.2,398.19 1 0
openapi/internal/infra/sqlboiler/stock_item.go:402.94,410.16 6 0
openapi/internal/infra/sqlboiler/stock_item.go:410.16,412.3 1 0
openapi/internal/infra/sqlboiler/stock_item.go:414.2,414.23 1 0
openapi/internal/infra/sqlboiler/stock_item.go:418.53,421.2 2 0
openapi/internal/infra/sqlboiler/stock_item.go:425.121,429.25 3 0
openapi/internal/infra/sqlboiler/stock_item.go:429.25,431.3 1 0
openapi/internal/infra/sqlboiler/stock_item.go:432.2,439.16 4 0
openapi/internal/infra/sqlboiler/stock_item.go:439.16,440.41 1 0
openapi/internal/infra/sqlboiler/stock_item.go:440.41,442.4 1 0
openapi/internal/infra/sqlboiler/stock_item.go:443.3,443.78 1 0
openapi/internal/infra/sqlboiler/stock_item.go:446.2,446.26 1 0
openapi/internal/infra/sqlboiler/stock_item.go:451.104,452.14 1 0
openapi/internal/infra/sqlboiler/stock_item.go:452.14,454.3 1 0
openapi/internal/infra/sqlboiler/stock_item.go:456.2,457.37 2 0
openapi/internal/infra/sqlboiler/stock_item.go:457.37,460.27 2 0
openapi/internal/infra/sqlboiler/stock_item.go:460.27,462.4 1 0
openapi/internal/infra/sqlboiler/stock_item.go:463.3,463.27 1 0
openapi/internal/infra/sqlboiler/stock_item.go:463.27,465.4 1 0
openapi/internal/infra/sqlboiler/stock_item.go:468.2,468.57 1 0
openapi/internal/infra/sqlboiler/stock_item.go:468.57,470.3 1 0
openapi/internal/infra/sqlboiler/stock_item.go:472.2,479.13 6 0
openapi/internal/infra/sqlboiler/stock_item.go:479.13,488.17 3 0
openapi/internal/infra/sqlboiler/stock_item.go:488.17,490.4 1 0
openapi/internal/infra/sqlboiler/stock_item.go:491.3,492.17 2 0
openapi/internal/infra/sqlboiler/stock_item.go:492.17,494.4 1 0
openapi/internal/infra/sqlboiler/stock_item.go:495.3,495.19 1 0
openapi/internal/infra/sqlboiler/stock_item.go:495.19,497.4 1 0
openapi/internal/infra/sqlboiler/stock_item.go:497.9,499.4 1 0
openapi/internal/infra/sqlboiler/stock_item.go:501.3,503.33 2 0
openapi/internal/infra/sqlboiler/stock_item.go:503.33,505.4 1 0
openapi/internal/infra/sqlboiler/stock_item.go:507.3,507.70 1 0
openapi/internal/infra/sqlboiler/stock_item.go:510.2,513.23 3 0
openapi/internal/infra/sqlboiler/stock_item.go:513.23,517.3 3 0
openapi/internal/infra/sqlboiler/stock_item.go:519.2,519.32 1 0
openapi/internal/infra/sqlboiler/stock_item.go:519.32,521.3 1 0
openapi/internal/infra/sqlboiler/stock_item.go:521.8,523.3 1 0
openapi/internal/infra/sqlboiler/stock_item.go:525.2,525.16 1 0
openapi/internal/infra/sqlboiler/stock_item.go:525.16,527.3 1 0
openapi/internal/infra/sqlboiler/stock_item.go:529.2,529.13 1 0
openapi/internal/infra/sqlboiler/stock_item.go:529.13,533.3 3 0
openapi/internal/infra/sqlboiler/stock_item.go:535.2,535.40 1 0
openapi/internal/infra/sqlboiler/stock_item.go:541.113,542.37 1 0
openapi/internal/infra/sqlboiler/stock_item.go:542.37,546.3 2 0
openapi/internal/infra/sqlboiler/stock_item.go:548.2,549.56 2 0
openapi/internal/infra/sqlboiler/stock_item.go:549.56,551.3 1 0
openapi/internal/infra/sqlboiler/stock_item.go:552.2,557.13 5 0
openapi/internal/infra/sqlboiler/stock_item.go:557.13,563.29 2 0
openapi/internal/infra/sqlboiler/stock_item.go:563.29,565.4 1 0
openapi/internal/infra/sqlboiler/stock_item.go:566.3,566.19 1 0
openapi/internal/infra/sqlboiler/stock_item.go:566.19,568.4 1 0
openapi/internal/infra/sqlboiler/stock_item.go:570.3,575.17 3 0
openapi/internal/infra/sqlboiler/stock_item.go:575.17,577.4 1 0
openapi/internal/infra/sqlboiler/stock_item.go:580.2,582.23 2 0
openapi/internal/infra/sqlboiler/stock_item.go:582.23,586.3 3 0
openapi/internal/infra/sqlboiler/stock_item.go:587.2,589.16 3 0
openapi/internal/infra/sqlboiler/stock_item.go:589.16,591.3 1 0
openapi/internal/infra/sqlboiler/stock_item.go:593.2,594.16 2 0
openapi/internal/infra/sqlboiler/stock_item.go:594.16,596.3 1 0
openapi/internal/infra/sqlboiler/stock_item.go:598.2,598.13 1 0
openapi/internal/infra/sqlboiler/stock_item.go:598.13,602.3 3 0
openapi/internal/infra/sqlboiler/stock_item.go:604.2,604.49 1 0
openapi/internal/infra/sqlboiler/stock_item.go:608.106,612.16 3 0
openapi/internal/infra/sqlboiler/stock_item.go:612.16,614.3 1 0
openapi/internal/infra/sqlboiler/stock_item.go:616.2,617.16 2 0
openapi/internal/infra/sqlboiler/stock_item.go:617.16,619.3 1 0
openapi/internal/infra/sqlboiler/stock_item.go:621.2,621.21 1 0
openapi/internal/infra/sqlboiler/stock_item.go:625.106,627.13 2 0
openapi/internal/infra/sqlboiler/stock_item.go:627.13,629.3 1 0
openapi/internal/infra/sqlboiler/stock_item.go:631.2,631.20 1 0
openapi/internal/infra/sqlboiler/stock_item.go:631.20,633.3 1 0
openapi/internal/infra/sqlboiler/stock_item.go:635.2,639.32 4 0
openapi/internal/infra/sqlboiler/stock_item.go:639.32,643.3 3 0
openapi/internal/infra/sqlboiler/stock_item.go:646.2,646.24 1 0
openapi/internal/infra/sqlboiler/stock_item.go:646.24,649.3 2 0
openapi/internal/infra/sqlboiler/stock_item.go:651.2,655.23 2 0
openapi/internal/infra/sqlboiler/stock_item.go:655.23,659.3 3 0
openapi/internal/infra/sqlboiler/stock_item.go:660.2,661.16 2 0
openapi/internal/infra/sqlboiler/stock_item.go:661.16,663.3 1 0
openapi/internal/infra/sqlboiler/stock_item.go:665.2,666.16 2 0
openapi/internal/infra/sqlboiler/stock_item.go:666.16,668.3 1 0
openapi/internal/infra/sqlboiler/stock_item.go:669.2,669.21 1 0
openapi/internal/infra/sqlboiler/stock_item.go:674.174,675.14 1 0
openapi/internal/infra/sqlboiler/stock_item.go:675.14,677.3 1 0
openapi/internal/infra/sqlboiler/stock_item.go:678.2,678.37 1 0
openapi/internal/infra/sqlboiler/stock_item.go:678.37,681.27 2 0
openapi/internal/infra/sqlboiler/stock_item.go:681.27,683.4 1 0
openapi/internal/infra/sqlboiler/stock_item.go:684.3,684.25 1 0
openapi/internal/infra/sqlboiler/stock_item.go:687.2,687.57 1 0
openapi/internal/infra/sqlboiler/stock_item.go:687.57,689.3 1 0
openapi/internal/infra/sqlboiler/stock_item.go:691.2,695.22 3 0
openapi/internal/infra/sqlboiler/stock_item.go:695.22,697.3 1 0
openapi/internal/infra/sqlboiler/stock_item.go:697.8,699.3 1 0
openapi/internal/infra/sqlboiler/stock_item.go:700.2,701.36 2 0
openapi/internal/infra/sqlboiler/stock_item.go:701.36,703.3 1 0
openapi/internal/infra/sqlboiler/stock_item.go:704.2,706.39 3 0
openapi/internal/infra/sqlboiler/stock_item.go:706.39,708.3 1 0
openapi/internal/infra/sqlboiler/stock_item.go:709.2,711.39 3 0
openapi/internal/infra/sqlboiler/stock_item.go:711.39,713.3 1 0
openapi/internal/infra/sqlboiler/stock_item.go:714.2,715.31 2 0
openapi/internal/infra/sqlboiler/stock_item.go:715.31,717.3 1 0
openapi/internal/infra/sqlboiler/stock_item.go:718.2,727.13 7 0
openapi/internal/infra/sqlboiler/stock_item.go:727.13,739.43 3 0
openapi/internal/infra/sqlboiler/stock_item.go:739.43,741.4 1 0
openapi/internal/infra/sqlboiler/stock_item.go:743.3,744.25 2 0
openapi/internal/infra/sqlboiler/stock_item.go:744.25,747.4 2 0
openapi/internal/infra/sqlboiler/stock_item.go:748.3,751.17 3 0
openapi/internal/infra/sqlboiler/stock_item.go:751.17,753.4 1 0
openapi/internal/infra/sqlboiler/stock_item.go:754.3,754.20 1 0
openapi/internal/infra/sqlboiler/stock_item.go:754.20,756.18 2 0
openapi/internal/infra/sqlboiler/stock_item.go:756.18,758.5 1 0
openapi/internal/infra/sqlboiler/stock_item.go:762.2,765.32 4 0
openapi/internal/infra/sqlboiler/stock_item.go:765.32,767.3 1 0
openapi/internal/infra/sqlboiler/stock_item.go:769.2,769.23 1 0
openapi/internal/infra/sqlboiler/stock_item.go:769.23,773.3 3 0
openapi/internal/infra/sqlboiler/stock_item.go:774.2,774.32 1 0
openapi/internal/infra/sqlboiler/stock_item.go:774.32,776.27 2 0
openapi/internal/infra/sqlboiler/stock_item.go:776.27,778.4 1 0
openapi/internal/infra/sqlboiler/stock_item.go:779.8,781.3 1 0
openapi/internal/infra/sqlboiler/stock_item.go:782.2,782.16 1 0
openapi/internal/infra/sqlboiler/stock_item.go:782.16,784.3 1 0
openapi/internal/infra/sqlboiler/stock_item.go:786.2,786.13 1 0
openapi/internal/infra/sqlboiler/stock_item.go:786.13,790.3 3 0
openapi/internal/infra/sqlboiler/stock_item.go:792.2,792.40 1 0
openapi/internal/infra/sqlboiler/stock_item.go:797.91,798.14 1 0
openapi/internal/infra/sqlboiler/stock_item.go:798.14,800.3 1 0
openapi/internal/infra/sqlboiler/stock_item.go:802.2,802.57 1 0
openapi/internal/infra/sqlboiler/stock_item.go:802.57,804.3 1 0
openapi/internal/infra/sqlboiler/stock_item.go:806.2,809.23 3 0
openapi/internal/infra/sqlboiler/stock_item.go:809.23,813.3 3 0
openapi/internal/infra/sqlboiler/stock_item.go:814.2,815.16 2 0
openapi/internal/infra/sqlboiler/stock_item.go:815.16,817.3 1 0
openapi/internal/infra/sqlboiler/stock_item.go:819.2,820.16 2 0
openapi/internal/infra/sqlboiler/stock_item.go:820.16,822.3 1 0
openapi/internal/infra/sqlboiler/stock_item.go:824.2,824.56 1 0
openapi/internal/infra/sqlboiler/stock_item.go:824.56,826.3 1 0
openapi/internal/infra/sqlboiler/stock_item.go:828.2,828.21 1 0
openapi/internal/infra/sqlboiler/stock_item.go:832.98,833.20 1 0
openapi/internal/infra/sqlboiler/stock_item.go:833.20,835.3 1 0
openapi/internal/infra/sqlboiler/stock_item.go:837.2,840.16 3 0
openapi/internal/infra/sqlboiler/stock_item.go:840.16,842.3 1 0
openapi/internal/infra/sqlboiler/stock_item.go:844.2,845.16 2 0
openapi/internal/infra/sqlboiler/stock_item.go:845.16,847.3 1 0
openapi/internal/infra/sqlboiler/stock_item.go:849.2,849.21 1 0
openapi/internal/infra/sqlboiler/stock_item.go:853.98,854.17 1 0
openapi/internal/infra/sqlboiler/stock_item.go:854.17,856.3 1 0
openapi/internal/infra/sqlboiler/stock_item.go:858.2,858.42 1 0
openapi/internal/infra/sqlboiler/stock_item.go:858.42,859.25 1 0
openapi/internal/infra/sqlboiler/stock_item.go:859.25,860.61 1 0
openapi/internal/infra/sqlboiler/stock_item.go:860.61,862.5 1 0
openapi/internal/infra/sqlboiler/stock_item.go:866.2,867.24 2 0
openapi/internal/infra/sqlboiler/stock_item.go:867.24,870.3 2 0
openapi/internal/infra/sqlboiler/stock_item.go:872.2,875.23 2 0
openapi/internal/infra/sqlboiler/stock_item.go:875.23,879.3 3 0
openapi/internal/infra/sqlboiler/stock_item.go:880.2,881.16 2 0
openapi/internal/infra/sqlboiler/stock_item.go:881.16,883.3 1 0
openapi/internal/infra/sqlboiler/stock_item.go:885.2,886.16 2 0
openapi/internal/infra/sqlboiler/stock_item.go:886.16,888.3 1 0
openapi/internal/infra/sqlboiler/stock_item.go:890.2,890.41 1 0
openapi/internal/infra/sqlboiler/stock_item.go:890.41,891.25 1 0
openapi/internal/infra/sqlboiler/stock_item.go:891.25,892.60 1 0
openapi/internal/infra/sqlboiler/stock_item.go:892.60,894.5 1 0
openapi/internal/infra/sqlboiler/stock_item.go:898.2,898.21 1 0
openapi/internal/infra/sqlboiler/stock_item.go:903.82,905.16 2 0
openapi/internal/infra/sqlboiler/stock_item.go:905.16,907.3 1 0
openapi/internal/infra/sqlboiler/stock_item.go:909.2,910.12 2 0
openapi/internal/infra/sqlboiler/stock_item.go:915.90,916.30 1 0
openapi/internal/infra/sqlboiler/stock_item.go:916.30,918.3 1 0
openapi/internal/infra/sqlboiler/stock_item.go:920.2,922.25 3 0
openapi/internal/infra/sqlboiler/stock_item.go:922.25,925.3 2 0
openapi/internal/infra/sqlboiler/stock_item.go:927.2,933.16 4 0
openapi/internal/infra/sqlboiler/stock_item.go:933.16,935.3 1 0
openapi/internal/infra/sqlboiler/stock_item.go:937.2,939.12 2 0
openapi/internal/infra/sqlboiler/stock_item.go:943.95,947.23 3 0
openapi/internal/infra/sqlboiler/stock_item.go:947.23,951.3 3 0
openapi/internal/infra/sqlboiler/stock_item.go:952.2,955.16 3 0
openapi/internal/infra/sqlboiler/stock_item.go:955.16,957.3 1 0
openapi/internal/infra/sqlboiler/stock_item.go:959.2,959.20 1 0
openapi/internal/infra/sqlboiler/stock_location.go:75.52,77.2 1 0
openapi/internal/infra/sqlboiler/stock_location.go:134.105,135.31 1 0
openapi/internal/infra/sqlboiler/stock_location.go:135.31,137.3 1 0
openapi/internal/infra/sqlboiler/stock_location.go:139.2,139.54 1 0
openapi/internal/infra/sqlboiler/stock_location.go:139.54,140.44 1 0
openapi/internal/infra/sqlboiler/stock_location.go:140.44,142.4 1 0
openapi/internal/infra/sqlboiler/stock_location.go:145.2,145.12 1 0
openapi/internal/infra/sqlboiler/stock_location.go:149.105,150.31 1 0
openapi/internal/infra/sqlboiler/stock_location.go:150.31,152.3 1 0
openapi/internal/infra/sqlboiler/stock_location.go:154.2,154.54 1 0
openapi/internal/infra/sqlboiler/stock_location.go:154.54,155.44 1 0
openapi/internal/infra/sqlboiler/stock_location.go:155.44,157.4 1 0
openapi/internal/infra/sqlboiler/stock_location.go:160.2,160.12 1 0
openapi/internal/infra/sqlboiler/stock_location.go:164.105,165.31 1 0
openapi/internal/infra/sqlboiler/stock_location.go:165.31,167.3 1 0
openapi/internal/infra/sqlboiler/stock_location.go:169.2,169.54 1 0
openapi/internal/infra/sqlboiler/stock_location.go:169.54,170.44 1 0
openapi/internal/infra/sqlboiler/stock_location.go:170.44,172.4 1 0
openapi/internal/infra/sqlboiler/stock_location.go:175.2,175.12 1 0
openapi/internal/infra/sqlboiler/stock_location.go:179.105,180.31 1 0
openapi/internal/infra/sqlboiler/stock_location.go:180.31,182.3 1 0
openapi/internal/infra/sqlboiler/stock_location.go:184.2,184.54 1 0
openapi/internal/infra/sqlboiler/stock_location.go:184.54,185.44 1 0
openapi/internal/infra/sqlboiler/stock_location.go:185.44,187.4 1 0
openapi/internal/infra/sqlboiler/stock_location.go:190.2,190.12 1 0
openapi/internal/infra/sqlboiler/stock_location.go:194.104,195.31 1 0
openapi/internal/infra/sqlboiler/stock_location.go:195.31,197.3 1 0
openapi/internal/infra/sqlboiler/stock_location.go:199.2,199.53 1 0
openapi/internal/infra/sqlboiler/stock_location.go:199.53,200.44 1 0
openapi/internal/infra/sqlboiler/stock_location.go:200.44,202.4 1 0
openapi/internal/infra/sqlboiler/stock_location.go:205.2,205.12 1 0
openapi/internal/infra/sqlboiler/stock_location.go:209.104,210.31 1 0
openapi/internal/infra/sqlboiler/stock_location.go:210.31,212.3 1 0
openapi/internal/infra/sqlboiler/stock_location.go:214.2,214.53 1 0
openapi/internal/infra/sqlboiler/stock_location.go:214.53,215.44 1 0
openapi/internal/infra/sqlboiler/stock_location.go:215.44,217.4 1 0
openapi/internal/infra/sqlboiler/stock_location.go:220.2,220.12 1 0
openapi/internal/infra/sqlboiler/stock_location.go:224.104,225.31 1 0
openapi/internal/infra/sqlboiler/stock_location.go:225.31,227.3 1 0
openapi/internal/infra/sqlboiler/stock_location.go:229.2,229.53 1 0
openapi/internal/infra/sqlboiler/stock_location.go:229.53,230.44 1 0
openapi/internal/infra/sqlboiler/stock_location.go:230.44,232.4 1 0
openapi/internal/infra/sqlboiler/stock_location.go:235.2,235.12 1 0
openapi/internal/infra/sqlboiler/stock_location.go:239.104,240.31 1 0
openapi/internal/infra/sqlboiler/stock_location.go:240.31,242.3 1 0
openapi/internal/infra/sqlboiler/stock_location.go:244.2,244.53 1 0
openapi/internal/infra/sqlboiler/stock_location.go:244.53,245.44 1 0
openapi/internal/infra/sqlboiler/stock_location.go:245.44,247.4 1 0
openapi/internal/infra/sqlboiler/stock_location.go:250.2,250.12 1 0
openapi/internal/infra/sqlboiler/stock_location.go:254.104,255.31 1 0
openapi/internal/infra/sqlboiler/stock_location.go:255.31,257.3 1 0
openapi/internal/infra/sqlboiler/stock_location.go:259.2,259.53 1 0
openapi/internal/infra/sqlboiler/stock_location.go:259.53,260.44 1 0
openapi/internal/infra/sqlboiler/stock_location.go:260.44,262.4 1 0
openapi/internal/infra/sqlboiler/stock_location.go:265.2,265.12 1 0
openapi/internal/infra/sqlboiler/stock_location.go:269.90,270.19 1 0
openapi/internal/infra/sqlboiler/stock_location.go:271.29,272.93 1 0
openapi/internal/infra/sqlboiler/stock_location.go:273.29,274.93 1 0
openapi/internal/infra/sqlboiler/stock_location.go:275.29,276.93 1 0
openapi/internal/infra/sqlboiler/stock_location.go:277.29,278.93 1 0
openapi/internal/infra/sqlboiler/stock_location.go:279.28,280.91 1 0
openapi/internal/infra/sqlboiler/stock_location.go:281.28,282.91 1 0
openapi/internal/infra/sqlboiler/stock_location.go:283.28,284.91 1 0
openapi/internal/infra/sqlboiler/stock_location.go:285.28,286.91 1 0
openapi/internal/infra/sqlboiler/stock_location.go:287.28,288.91 1 0
openapi/internal/infra/sqlboiler/stock_location.go:293.105,299.16 4 0
openapi/internal/infra/sqlboiler/stock_location.go:299.16,300.41 1 0
openapi/internal/infra/sqlboiler/stock_location.go:300.41,302.4 1 0
openapi/internal/infra/sqlboiler/stock_location.go:303.3,303.94 1 0
openapi/internal/infra/sqlboiler/stock_location.go:306.2,306.56 1 0
openapi/internal/infra/sqlboiler/stock_location.go:306.56,308.3 1 0
openapi/internal/infra/sqlboiler/stock_location.go:310.2,310.15 1 0
openapi/internal/infra/sqlboiler/stock_location.go:314.109,318.16 3 0
openapi/internal/infra/sqlboiler/stock_location.go:318.16,320.3 1 0
openapi/internal/infra/sqlboiler/stock_location.go:322.2,322.45 1 0
openapi/internal/infra/sqlboiler/stock_location.go:322.45,323.25 1 0
openapi/internal/infra/sqlboiler/stock_location.go:323.25,324.60 1 0
openapi/internal/infra/sqlboiler/stock_location.go:324.60,326.5 1 0
openapi/internal/infra/sqlboiler/stock_location.go:330.2,330.15 1 0
openapi/internal/infra/sqlboiler/stock_location.go:334.98,341.16 5 0
openapi/internal/infra/sqlboiler/stock_location.go:341.16,343.3 1 0
openapi/internal/infra/sqlboiler/stock_location.go:345.2,345.19 1 0
openapi/internal/infra/sqlboiler/stock_location.go:349.98,357.16 6 0
openapi/internal/infra/sqlboiler/stock_location.go:357.16,359.3 1 0
openapi/internal/infra/sqlboiler/stock_location.go:361.2,361.23 1 0
openapi/internal/infra/sqlboiler/stock_location.go:365.61,368.2 2 0
openapi/internal/infra/sqlboiler/stock_location.go:372.129,376.25 3 0
openapi/internal/infra/sqlboiler/stock_location.go:376.25,378.3 1 0
openapi/internal/infra/sqlboiler/stock_location.go:379.2,386.16 4 0
openapi/internal/infra/sqlboiler/stock_location.go:386.16,387.41 1 0
openapi/internal/infra/sqlboiler/stock_location.go:387.41,389.4 1 0
openapi/internal/infra/sqlboiler/stock_location.go:390.3,390.82 1 0
openapi/internal/infra/sqlboiler/stock_location.go:393.2,393.30 1 0
openapi/internal/infra/sqlboiler/stock_location.go:398.108,399.14 1 0
openapi/internal/infra/sqlboiler/stock_location.go:399.14,401.3 1 0
openapi/internal/infra/sqlboiler/stock_location.go:403.2,404.37 2 0
openapi/internal/infra/sqlboiler/stock_location.go:404.37,407.27 2 0
openapi/internal/infra/sqlboiler/stock_location.go:407.27,409.4 1 0
openapi/internal/infra/sqlboiler/stock_location.go:410.3,410.27 1 0
openapi/internal/infra/sqlboiler/stock_location.go:410.27,412.4 1 0
openapi/internal/infra/sqlboiler/stock_location.go:415.2,415.57 1 0
openapi/internal/infra/sqlboiler/stock_location.go:415.57,417.3 1 0
openapi/internal/infra/sqlboiler/stock_location.go:419.2,426.13 6 0
openapi/internal/infra/sqlboiler/stock_location.go:426.13,435.17 3 0
openapi/internal/infra/sqlboiler/stock_location.go:435.17,437.4 1 0
openapi/internal/infra/sqlboiler/stock_location.go:438.3,439.17 2 0
openapi/internal/infra/sqlboiler/stock_location.go:439.17,441.4 1 0
openapi/internal/infra/sqlboiler/stock_location.go:442.3,442.19 1 0
openapi/internal/infra/sqlboiler/stock_location.go:442.19,444.4 1 0
openapi/internal/infra/sqlboiler/stock_location.go:444.9,446.4 1 0
openapi/internal/infra/sqlboiler/stock_location.go:448.3,450.33 2 0
openapi/internal/infra/sqlboiler/stock_location.go:450.33,452.4 1 0
openapi/internal/infra/sqlboiler/stock_location.go:454.3,454.70 1 0
openapi/internal/infra/sqlboiler/stock_location.go:457.2,460.23 3 0
openapi/internal/infra/sqlboiler/stock_location.go:460.23,464.3 3 0
openapi/internal/infra/sqlboiler/stock_location.go:466.2,466.32 1 0
openapi/internal/infra/sqlboiler/stock_location.go:466.32,468.3 1 0
openapi/internal/infra/sqlboiler/stock_location.go:468.8,470.3 1 0
openapi/internal/infra/sqlboiler/stock_location.go:472.2,472.16 1 0
openapi/internal/infra/sqlboiler/stock_location.go:472.16,474.3 1 0
openapi/internal/infra/sqlboiler/stock_location.go:476.2,476.13 1 0
openapi/internal/infra/sqlboiler/stock_location.go:476.13,480.3 3 0
openapi/internal/infra/sqlboiler/stock_location.go:482.2,482.40 1 0
openapi/internal/infra/sqlboiler/stock_location.go:488.117,489.37 1 0
openapi/internal/infra/sqlboiler/stock_location.go:489.37,493.3 2 0
openapi/internal/infra/sqlboiler/stock_location.go:495.2,496.56 2 0
openapi/internal/infra/sqlboiler/stock_location.go:496.56,498.3 1 0
openapi/internal/infra/sqlboiler/stock_location.go:499.2,504.13 5 0
openapi/internal/infra/sqlboiler/stock_location.go:504.13,510.29 2 0
openapi/internal/infra/sqlboiler/stock_location.go:510.29,512.4 1 0
openapi/internal/infra/sqlboiler/stock_location.go:513.3,513.19 1 0
openapi/internal/infra/sqlboiler/stock_location.go:513.19,515.4 1 0
openapi/internal/infra/sqlboiler/stock_location.go:517.3,522.17 3 0
openapi/internal/infra/sqlboiler/stock_location.go:522.17,524.4 1 0
openapi/internal/infra/sqlboiler/stock_location.go:527.2,529.23 2 0
openapi/internal/infra/sqlboiler/stock_location.go:529.23,533.3 3 0
openapi/internal/infra/sqlboiler/stock_location.go:534.2,536.16 3 0
openapi/internal/infra/sqlboiler/stock_location.go:536.16,538.3 1 0
openapi/internal/infra/sqlboiler/stock_location.go:540.2,541.16 2 0
openapi/internal/infra/sqlboiler/stock_location.go:541.16,543.3 1 0
openapi/internal/infra/sqlboiler/stock_location.go:545.2,545.13 1 0
openapi/internal/infra/sqlboiler/stock_location.go:545.13,549.3 3 0
openapi/internal/infra/sqlboiler/stock_location.go:551.2,551.49 1 0
openapi/internal/infra/sqlboiler/stock_location.go:555.110,559.16 3 0
openapi/internal/infra/sqlboiler/stock_location.go:559.16,561.3 1 0
openapi/internal/infra/sqlboiler/stock_location.go:563.2,564.16 2 0
openapi/internal/infra/sqlboiler/stock_location.go:564.16,566.3 1 0
openapi/internal/infra/sqlboiler/stock_location.go:568.2,568.21 1 0
openapi/internal/infra/sqlboiler/stock_location.go:572.110,574.13 2 0
openapi/internal/infra/sqlboiler/stock_location.go:574.13,576.3 1 0
openapi/internal/infra/sqlboiler/stock_location.go:578.2,578.20 1 0
openapi/internal/infra/sqlboiler/stock_location.go:578.20,580.3 1 0
openapi/internal/infra/sqlboiler/stock_location.go:582.2,586.32 4 0
openapi/internal/infra/sqlboiler/stock_location.go:586.32,590.3 3 0
openapi/internal/infra/sqlboiler/stock_location.go:593.2,593.24 1 0
openapi/internal/infra/sqlboiler/stock_location.go:593.24,596.3 2 0
openapi/internal/infra/sqlboiler/stock_location.go:598.2,602.23 2 0
openapi/internal/infra/sqlboiler/stock_location.go:602.23,606.3 3 0
openapi/internal/infra/sqlboiler/stock_location.go:607.2,608.16 2 0
openapi/internal/infra/sqlboiler/stock_location.go:608.16,610.3 1 0
openapi/internal/infra/sqlboiler/stock_location.go:612.2,613.16 2 0
openapi/internal/infra/sqlboiler/stock_location.go:613.16,615.3 1 0
openapi/internal/infra/sqlboiler/stock_location.go:616.2,616.21 1 0
openapi/internal/infra/sqlboiler/stock_location.go:621.178,622.14 1 0
openapi/internal/infra/sqlboiler/stock_location.go:622.14,624.3 1 0
openapi/internal/infra/sqlboiler/stock_location.go:625.2,625.37 1 0
openapi/internal/infra/sqlboiler/stock_location.go:625.37,628.27 2 0
openapi/internal/infra/sqlboiler/stock_location.go:628.27,630.4 1 0
openapi/internal/infra/sqlboiler/stock_location.go:631.3,631.25 1 0
openapi/internal/infra/sqlboiler/stock_location.go:634.2,634.57 1 0
openapi/internal/infra/sqlboiler/stock_location.go:634.57,636.3 1 0
openapi/internal/infra/sqlboiler/stock_location.go:638.2,642.22 3 0
openapi/internal/infra/sqlboiler/stock_location.go:642.22,644.3 1 0
openapi/internal/infra/sqlboiler/stock_location.go:644.8,646.3 1 0
openapi/internal/infra/sqlboiler/stock_location.go:647.2,648.36 2 0
openapi/internal/infra/sqlboiler/stock_location.go:648.36,650.3 1 0
openapi/internal/infra/sqlboiler/stock_location.go:651.2,653.39 3 0
openapi/internal/infra/sqlboiler/stock_location.go:653.39,655.3 1 0
openapi/internal/infra/sqlboiler/stock_location.go:656.2,658.39 3 0
openapi/internal/infra/sqlboiler/stock_location.go:658.39,660.3 1 0
openapi/internal/infra/sqlboiler/stock_location.go:661.2,662.31 2 0
openapi/internal/infra/sqlboiler/stock_location.go:662.31,664.3 1 0
openapi/internal/infra/sqlboiler/stock_location.go:665.2,674.13 7 0
openapi/internal/infra/sqlboiler/stock_location.go:674.13,686.43 3 0
openapi/internal/infra/sqlboiler/stock_location.go:686.43,688.4 1 0
openapi/internal/infra/sqlboiler/stock_location.go:690.3,691.25 2 0
openapi/internal/infra/sqlboiler/stock_location.go:691.25,694.4 2 0
openapi/internal/infra/sqlboiler/stock_location.go:695.3,698.17 3 0
openapi/internal/infra/sqlboiler/stock_location.go:698.17,700.4 1 0
openapi/internal/infra/sqlboiler/stock_location.go:701.3,701.20 1 0
openapi/internal/infra/sqlboiler/stock_location.go:701.20,703.18 2 0
openapi/internal/infra/sqlboiler/stock_location.go:703.18,705.5 1 0
openapi/internal/infra/sqlboiler/stock_location.go:709.2,712.32 4 0
openapi/internal/infra/sqlboiler/stock_location.go:712.32,714.3 1 0
openapi/internal/infra/sqlboiler/stock_location.go:716.2,716.23 1 0
openapi/internal/infra/sqlboiler/stock_location.go:716.23,720.3 3 0
openapi/internal/infra/sqlboiler/stock_location.go:721.2,721.32 1 0
openapi/internal/infra/sqlboiler/stock_location.go:721.32,723.27 2 0
openapi/internal/infra/sqlboiler/stock_location.go:723.27,725.4 1 0
openapi/internal/infra/sqlboiler/stock_location.go:726.8,728.3 1 0
openapi/internal/infra/sqlboiler/stock_location.go:729.2,729.16 1 0
openapi/internal/infra/sqlboiler/stock_location.go:729.16,731.3 1 0
openapi/internal/infra/sqlboiler/stock_location.go:733.2,733.13 1 0
openapi/internal/infra/sqlboiler/stock_location.go:733.13,737.3 3 0
openapi/internal/infra/sqlboiler/stock_location.go:739.2,739.40 1 0
openapi/internal/infra/sqlboiler/stock_location.go:744.95,745.14 1 0
openapi/internal/infra/sqlboiler/stock_location.go:745.14,747.3 1 0
openapi/internal/infra/sqlboiler/stock_location.go:749.2,749.57 1 0
openapi/internal/infra/sqlboiler/stock_location.go:749.57,751.3 1 0
openapi/internal/infra/sqlboiler/stock_location.go:753.2,756.23 3 0
openapi/internal/infra/sqlboiler/stock_location.go:756.23,760.3 3 0
openapi/internal/infra/sqlboiler/stock_location.go:761.2,762.16 2 0
openapi/internal/infra/sqlboiler/stock_location.go:762.16,764.3 1 0
openapi/internal/infra/sqlboiler/stock_location.go:766.2,767.16 2 0
openapi/internal/infra/sqlboiler/stock_location.go:767.16,769.3 1 0
openapi/internal/infra/sqlboiler/stock_location.go:771.2,771.56 1 0
openapi/internal/infra/sqlboiler/stock_location.go:771.56,773.3 1 0
openapi/internal/infra/sqlboiler/stock_location.go:775.2,775.21 1 0
openapi/internal/infra/sqlboiler/stock_location.go:779.102,780.20 1 0
openapi/internal/infra/sqlboiler/stock_location.go:780.20,782.3 1 0
openapi/internal/infra/sqlboiler/stock_location.go:784.2,787.16 3 0
openapi/internal/infra/sqlboiler/stock_location.go:787.16,789.3 1 0
openapi/internal/infra/sqlboiler/stock_location.go:791.2,792.16 2 0
openapi/internal/infra/sqlboiler/stock_location.go:792.16,794.3 1 0
openapi/internal/infra/sqlboiler/stock_location.go:796.2,796.21 1 0
openapi/internal/infra/sqlboiler/stock_location.go:800.102,801.17 1 0
openapi/internal/infra/sqlboiler/stock_location.go:801.17,803.3 1 0
openapi/internal/infra/sqlboiler/stock_location.go:805.2,805.46 1 0
openapi/internal/infra/sqlboiler/stock_location.go:805.46,806.25 1 0
openapi/internal/infra/sqlboiler/stock_location.go:806.25,807.61 1 0
openapi/internal/infra/sqlboiler/stock_location.go:807.61,809.5 1 0
openapi/internal/infra/sqlboiler/stock_location.go:813.2,814.24 2 0
openapi/internal/infra/sqlboiler/stock_location.go:814.24,817.3 2 0
openapi/internal/infra/sqlboiler/stock_location.go:819.2,822.23 2 0
openapi/internal/infra/sqlboiler/stock_location.go:822.23,826.3 3 0
openapi/internal/infra/sqlboiler/stock_location.go:827.2,828.16 2 0
openapi/internal/infra/sqlboiler/stock_location.go:828.16,830.3 1 0
openapi/internal/infra/sqlboiler/stock_location.go:832.2,833.16 2 0
openapi/internal/infra/sqlboiler/stock_location.go:833.16,835.3 1 0
openapi/internal/infra/sqlboiler/stock_location.go:837.2,837.45 1 0
openapi/internal/infra/sqlboiler/stock_location.go:837.45,838.25 1 0
openapi/internal/infra/sqlboiler/stock_location.go:838.25,839.60 1 0
openapi/internal/infra/sqlboiler/stock_location.go:839.60,841.5 1 0
openapi/internal/infra/sqlboiler/stock_location.go:845.2,845.21 1 0
openapi/internal/infra/sqlboiler/stock_location.go:850.86,852.16 2 0
openapi/internal/infra/sqlboiler/stock_location.go:852.16,854.3 1 0
openapi/internal/infra/sqlboiler/stock_location.go:856.2,857.12 2 0
openapi/internal/infra/sqlboiler/stock_location.go:862.94,863.30 1 0
openapi/internal/infra/sqlboiler/stock_location.go:863.30,865.3 1 0
openapi/internal/infra/sqlboiler/stock_location.go:867.2,869.25 3 0
openapi/internal/infra/sqlboiler/stock_location.go:869.25,872.3 2 0
openapi/internal/infra/sqlboiler/stock_location.go:874.2,880.16 4 0
openapi/internal/infra/sqlboiler/stock_location.go:880.16,882.3 1 0
openapi/internal/infra/sqlboiler/stock_location.go:884.2,886.12 2 0
openapi/internal/infra/sqlboiler/stock_location.go:890.99,894.23 3 0
openapi/internal/infra/sqlboiler/stock_location.go:894.23,898.3 3 0
openapi/internal/infra/sqlboiler/stock_location.go:899.2,902.16 3 0
openapi/internal/infra/sqlboiler/stock_location.go:902.16,904.3 1 0
openapi/internal/infra/sqlboiler/stock_location.go:906.2,906.20 1 0
openapi/internal/infra/validator/validator.go:14.44,16.2 1 1
openapi/internal/infra/validator/validator.go:18.58,19.48 1 0
openapi/internal/infra/validator/validator.go:19.48,22.4 1 0
openapi/internal/infra/validator/validator.go:23.3,23.13 1 0
openapi/internal/ui/hello/get.go:13.52,18.2 1 0
openapi/internal/ui/hello/hello.go:13.37,15.2 1 1
openapi/internal/ui/stock/locations/delete.go:14.99,17.16 2 0
openapi/internal/ui/stock/locations/delete.go:17.16,19.3 1 0
openapi/internal/ui/stock/locations/delete.go:21.2,22.16 2 0
openapi/internal/ui/stock/locations/delete.go:22.16,24.3 1 0
openapi/internal/ui/stock/locations/delete.go:25.2,25.12 1 0
openapi/internal/ui/stock/locations/delete.go:25.12,27.3 1 0
openapi/internal/ui/stock/locations/delete.go:30.2,30.57 1 0
openapi/internal/ui/stock/locations/delete.go:30.57,32.3 1 0
openapi/internal/ui/stock/locations/delete.go:35.2,35.37 1 0
openapi/internal/ui/stock/locations/locations.go:19.55,20.14 1 1
openapi/internal/ui/stock/locations/locations.go:20.14,22.3 1 0
openapi/internal/ui/stock/locations/locations.go:23.2,24.16 2 1
openapi/internal/ui/stock/locations/locations.go:24.16,26.3 1 0
openapi/internal/ui/stock/locations/locations.go:28.2,29.12 2 1
openapi/internal/ui/stock/locations/post.go:14.61,17.39 2 0
openapi/internal/ui/stock/locations/post.go:17.39,19.3 1 0
openapi/internal/ui/stock/locations/post.go:22.2,22.42 1 0
openapi/internal/ui/stock/locations/post.go:22.42,24.3 1 0
openapi/internal/ui/stock/locations/post.go:26.2,27.16 2 0
openapi/internal/ui/stock/locations/post.go:27.16,29.3 1 0
openapi/internal/ui/stock/locations/post.go:32.2,34.16 3 0
openapi/internal/ui/stock/locations/post.go:34.16,36.3 1 0
openapi/internal/ui/stock/locations/post.go:38.2,41.42 2 0
openapi/internal/ui/stock/locations/post.go:41.42,43.3 1 0
openapi/internal/ui/stock/locations/post.go:45.2,45.42 1 0
openapi/internal/ui/stock/locations/put.go:15.96,18.39 2 0
openapi/internal/ui/stock/locations/put.go:18.39,20.3 1 0
openapi/internal/ui/stock/locations/put.go:23.2,23.42 1 0
openapi/internal/ui/stock/locations/put.go:23.42,25.3 1 0
openapi/internal/ui/stock/locations/put.go:27.2,28.16 2 0
openapi/internal/ui/stock/locations/put.go:28.16,30.3 1 0
openapi/internal/ui/stock/locations/put.go:32.2,33.16 2 0
openapi/internal/ui/stock/locations/put.go:33.16,35.3 1 0
openapi/internal/ui/stock/locations/put.go:36.2,36.12 1 0
openapi/internal/ui/stock/locations/put.go:36.12,38.3 1 0
openapi/internal/ui/stock/locations/put.go:41.2,42.16 2 0
openapi/internal/ui/stock/locations/put.go:42.16,44.3 1 0
openapi/internal/ui/stock/locations/put.go:47.2,47.37 1 0
