mode: set
openapi/cmd/main/main.go:14.13,25.16 7 0
openapi/cmd/main/main.go:25.16,27.3 1 0
openapi/cmd/main/main.go:28.2,30.58 2 0
openapi/cmd/main/main.go:30.58,32.3 1 0
openapi/cmd/main/main.go:34.2,34.34 1 0
openapi/internal/domain/stock/item/entity.go:19.37,20.19 1 1
openapi/internal/domain/stock/item/entity.go:20.19,22.3 1 1
openapi/internal/domain/stock/item/entity.go:23.2,23.19 1 1
openapi/internal/domain/stock/item/entity.go:26.30,28.2 1 1
openapi/internal/domain/stock/item/entity.go:30.29,32.2 1 1
openapi/internal/domain/stock/item/value.go:20.38,21.13 1 1
openapi/internal/domain/stock/item/value.go:21.13,23.3 1 1
openapi/internal/domain/stock/item/value.go:24.2,24.21 1 1
openapi/internal/domain/stock/item/value.go:31.31,33.2 1 1
openapi/internal/app/stock/location/create.go:18.59,21.16 2 1
openapi/internal/app/stock/location/create.go:21.16,23.3 1 1
openapi/internal/app/stock/location/create.go:26.2,28.8 1 1
openapi/internal/app/stock/location/create.go:31.75,35.2 1 1
openapi/internal/app/stock/location/create.go:37.97,39.16 2 1
openapi/internal/app/stock/location/create.go:39.16,41.3 1 1
openapi/internal/app/stock/location/create.go:43.2,45.34 2 1
openapi/internal/app/stock/location/create.go:45.34,47.3 1 1
openapi/internal/app/stock/location/create.go:49.2,50.17 2 1
openapi/internal/app/stock/location/delete.go:13.60,16.16 2 1
openapi/internal/app/stock/location/delete.go:16.16,18.3 1 1
openapi/internal/app/stock/location/delete.go:21.2,23.8 1 1
openapi/internal/app/stock/location/delete.go:26.62,28.16 2 1
openapi/internal/app/stock/location/delete.go:28.16,30.3 1 1
openapi/internal/app/stock/location/delete.go:32.2,35.16 3 1
openapi/internal/app/stock/location/delete.go:35.16,37.3 1 1
openapi/internal/app/stock/location/delete.go:39.2,39.12 1 1
openapi/internal/app/stock/location/update.go:14.73,17.16 2 1
openapi/internal/app/stock/location/update.go:17.16,19.3 1 1
openapi/internal/app/stock/location/update.go:21.2,22.16 2 1
openapi/internal/app/stock/location/update.go:22.16,24.3 1 1
openapi/internal/app/stock/location/update.go:27.2,30.8 1 1
openapi/internal/app/stock/location/update.go:33.62,36.16 3 1
openapi/internal/app/stock/location/update.go:36.16,38.3 1 1
openapi/internal/app/stock/location/update.go:40.2,43.16 3 1
openapi/internal/app/stock/location/update.go:43.16,45.3 1 1
openapi/internal/app/stock/location/update.go:47.2,47.12 1 1
openapi/internal/domain/stock/location/aggregate.go:11.48,17.2 1 1
openapi/internal/domain/stock/location/aggregate.go:19.66,25.2 1 1
openapi/internal/domain/stock/location/aggregate.go:27.37,29.2 1 1
openapi/internal/domain/stock/location/aggregate.go:31.30,33.2 1 1
openapi/internal/domain/stock/location/entity.go:18.37,19.19 1 1
openapi/internal/domain/stock/location/entity.go:19.19,21.3 1 1
openapi/internal/domain/stock/location/entity.go:22.2,22.19 1 1
openapi/internal/domain/stock/location/entity.go:25.30,27.2 1 1
openapi/internal/domain/stock/location/entity.go:29.29,31.2 1 1
openapi/internal/domain/stock/location/value.go:17.38,18.13 1 1
openapi/internal/domain/stock/location/value.go:18.13,20.3 1 1
openapi/internal/domain/stock/location/value.go:21.2,21.21 1 1
openapi/internal/domain/stock/location/value.go:24.31,26.2 1 1
openapi/internal/infra/repository/sqlboiler/stock/location/repository.go:27.53,28.15 1 1
openapi/internal/infra/repository/sqlboiler/stock/location/repository.go:28.15,30.3 1 1
openapi/internal/infra/repository/sqlboiler/stock/location/repository.go:31.2,32.16 2 1
openapi/internal/infra/repository/sqlboiler/stock/location/repository.go:32.16,34.3 1 1
openapi/internal/infra/repository/sqlboiler/stock/location/repository.go:35.2,37.8 1 1
openapi/internal/infra/repository/sqlboiler/stock/location/repository.go:40.56,55.16 3 1
openapi/internal/infra/repository/sqlboiler/stock/location/repository.go:55.16,57.3 1 1
openapi/internal/infra/repository/sqlboiler/stock/location/repository.go:59.2,59.12 1 1
openapi/internal/infra/repository/sqlboiler/stock/location/repository.go:62.71,64.16 2 1
openapi/internal/infra/repository/sqlboiler/stock/location/repository.go:64.16,66.3 1 1
openapi/internal/infra/repository/sqlboiler/stock/location/repository.go:68.2,68.18 1 1
openapi/internal/infra/repository/sqlboiler/stock/location/repository.go:68.18,70.3 1 1
openapi/internal/infra/repository/sqlboiler/stock/location/repository.go:72.2,73.16 2 1
openapi/internal/infra/repository/sqlboiler/stock/location/repository.go:73.16,75.3 1 1
openapi/internal/infra/repository/sqlboiler/stock/location/repository.go:77.2,79.15 2 1
openapi/internal/infra/repository/sqlboiler/stock/location/repository.go:82.57,84.40 2 1
openapi/internal/infra/repository/sqlboiler/stock/location/repository.go:84.40,86.3 1 1
openapi/internal/infra/repository/sqlboiler/stock/location/repository.go:88.2,88.26 1 1
openapi/internal/infra/repository/sqlboiler/stock/location/repository.go:88.26,90.3 1 1
openapi/internal/infra/repository/sqlboiler/stock/location/repository.go:92.2,92.18 1 1
openapi/internal/infra/repository/sqlboiler/stock/location/repository.go:92.18,94.3 1 1
openapi/internal/infra/repository/sqlboiler/stock/location/repository.go:96.2,96.18 1 1
openapi/internal/ui/hello/get.go:13.52,18.2 1 0
openapi/internal/ui/hello/hello.go:13.37,15.2 1 0
openapi/internal/ui/stock/locations/delete.go:14.99,17.16 2 1
openapi/internal/ui/stock/locations/delete.go:17.16,19.3 1 0
openapi/internal/ui/stock/locations/delete.go:21.2,22.16 2 1
openapi/internal/ui/stock/locations/delete.go:22.16,24.3 1 0
openapi/internal/ui/stock/locations/delete.go:25.2,25.12 1 1
openapi/internal/ui/stock/locations/delete.go:25.12,27.3 1 1
openapi/internal/ui/stock/locations/delete.go:30.2,30.57 1 1
openapi/internal/ui/stock/locations/delete.go:30.57,32.3 1 0
openapi/internal/ui/stock/locations/delete.go:35.2,35.37 1 1
openapi/internal/ui/stock/locations/locations.go:19.55,20.14 1 1
openapi/internal/ui/stock/locations/locations.go:20.14,22.3 1 1
openapi/internal/ui/stock/locations/locations.go:23.2,24.16 2 1
openapi/internal/ui/stock/locations/locations.go:24.16,26.3 1 1
openapi/internal/ui/stock/locations/locations.go:28.2,29.12 2 1
openapi/internal/ui/stock/locations/post.go:14.61,17.39 2 1
openapi/internal/ui/stock/locations/post.go:17.39,19.3 1 0
openapi/internal/ui/stock/locations/post.go:22.2,22.42 1 1
openapi/internal/ui/stock/locations/post.go:22.42,24.3 1 1
openapi/internal/ui/stock/locations/post.go:26.2,27.16 2 1
openapi/internal/ui/stock/locations/post.go:27.16,29.3 1 0
openapi/internal/ui/stock/locations/post.go:32.2,34.16 3 1
openapi/internal/ui/stock/locations/post.go:34.16,36.3 1 0
openapi/internal/ui/stock/locations/post.go:38.2,41.42 2 1
openapi/internal/ui/stock/locations/post.go:41.42,43.3 1 0
openapi/internal/ui/stock/locations/post.go:45.2,45.42 1 1
openapi/internal/ui/stock/locations/put.go:15.96,18.39 2 1
openapi/internal/ui/stock/locations/put.go:18.39,20.3 1 0
openapi/internal/ui/stock/locations/put.go:23.2,23.42 1 1
openapi/internal/ui/stock/locations/put.go:23.42,25.3 1 1
openapi/internal/ui/stock/locations/put.go:27.2,28.16 2 1
openapi/internal/ui/stock/locations/put.go:28.16,30.3 1 0
openapi/internal/ui/stock/locations/put.go:32.2,33.16 2 1
openapi/internal/ui/stock/locations/put.go:33.16,35.3 1 0
openapi/internal/ui/stock/locations/put.go:36.2,36.12 1 1
openapi/internal/ui/stock/locations/put.go:36.12,38.3 1 1
openapi/internal/ui/stock/locations/put.go:41.2,42.16 2 1
openapi/internal/ui/stock/locations/put.go:42.16,44.3 1 0
openapi/internal/ui/stock/locations/put.go:47.2,47.37 1 1
